Using pre-set license
Built from '2022.3/staging' branch; Version is '2022.3.21f1 (bf09ca542b87) revision 12519882'; Using compiler version '192829333'; Build Type 'Release'
OS: 'Windows 10  (10.0.19045) 64bit Professional' Language: 'tr' Physical Memory: 16057 MB
BatchMode: 1, IsHumanControllingUs: 0, StartBugReporterOnCrash: 0, Is64bit: 1, IsPro: 1

COMMAND LINE ARGUMENTS:
C:\Program Files\Unity\Hub\Editor\2022.3.21f1\Editor\Unity.exe
-adb2
-batchMode
-noUpm
-name
AssetImportWorker1
-projectPath
C:/Users/ezgi_/deneme4
-logFile
Logs/AssetImportWorker1.log
-srvPort
57614
Successfully changed project path to: C:/Users/ezgi_/deneme4
C:/Users/ezgi_/deneme4
[UnityMemory] Configuration Parameters - Can be set up in boot.config
    "memorysetup-bucket-allocator-granularity=16"
    "memorysetup-bucket-allocator-bucket-count=8"
    "memorysetup-bucket-allocator-block-size=33554432"
    "memorysetup-bucket-allocator-block-count=8"
    "memorysetup-main-allocator-block-size=16777216"
    "memorysetup-thread-allocator-block-size=16777216"
    "memorysetup-gfx-main-allocator-block-size=16777216"
    "memorysetup-gfx-thread-allocator-block-size=16777216"
    "memorysetup-cache-allocator-block-size=4194304"
    "memorysetup-typetree-allocator-block-size=2097152"
    "memorysetup-profiler-bucket-allocator-granularity=16"
    "memorysetup-profiler-bucket-allocator-bucket-count=8"
    "memorysetup-profiler-bucket-allocator-block-size=33554432"
    "memorysetup-profiler-bucket-allocator-block-count=8"
    "memorysetup-profiler-allocator-block-size=16777216"
    "memorysetup-profiler-editor-allocator-block-size=1048576"
    "memorysetup-temp-allocator-size-main=16777216"
    "memorysetup-job-temp-allocator-block-size=2097152"
    "memorysetup-job-temp-allocator-block-size-background=1048576"
    "memorysetup-job-temp-allocator-reduction-small-platforms=262144"
    "memorysetup-allocator-temp-initial-block-size-main=262144"
    "memorysetup-allocator-temp-initial-block-size-worker=262144"
    "memorysetup-temp-allocator-size-background-worker=32768"
    "memorysetup-temp-allocator-size-job-worker=262144"
    "memorysetup-temp-allocator-size-preload-manager=33554432"
    "memorysetup-temp-allocator-size-nav-mesh-worker=65536"
    "memorysetup-temp-allocator-size-audio-worker=65536"
    "memorysetup-temp-allocator-size-cloud-worker=32768"
    "memorysetup-temp-allocator-size-gi-baking-worker=262144"
    "memorysetup-temp-allocator-size-gfx=262144"
Player connection [18316] Host "[IP] 172.20.10.3 [Port] 0 [Flags] 2 [Guid] 3410051780 [EditorId] 3410051780 [Version] 1048832 [Id] WindowsEditor(7,DESKTOP-BGDNJH9) [Debug] 1 [PackageName] WindowsEditor [ProjectName] Editor" joined multi-casting on [225.0.0.222:54997]...

Player connection [18316] Host "[IP] 172.20.10.3 [Port] 0 [Flags] 2 [Guid] 3410051780 [EditorId] 3410051780 [Version] 1048832 [Id] WindowsEditor(7,DESKTOP-BGDNJH9) [Debug] 1 [PackageName] WindowsEditor [ProjectName] Editor" joined alternative multi-casting on [225.0.0.222:34997]...

[Physics::Module] Initialized MultithreadedJobDispatcher with 11 workers.
Refreshing native plugins compatible for Editor in 18.96 ms, found 3 plugins.
Preloading 0 native plugins for Editor in 0.00 ms.
Initialize engine version: 2022.3.21f1 (bf09ca542b87)
[Subsystems] Discovering subsystems at path C:/Program Files/Unity/Hub/Editor/2022.3.21f1/Editor/Data/Resources/UnitySubsystems
[Subsystems] Discovering subsystems at path C:/Users/ezgi_/deneme4/Assets
GfxDevice: creating device client; threaded=0; jobified=0
Direct3D:
    Version:  Direct3D 11.0 [level 11.1]
    Renderer: Intel(R) Iris(R) Xe Graphics (ID=0x46a8)
    Vendor:   Intel
    VRAM:     8028 MB
    Driver:   31.0.101.5186
Initialize mono
Mono path[0] = 'C:/Program Files/Unity/Hub/Editor/2022.3.21f1/Editor/Data/Managed'
Mono path[1] = 'C:/Program Files/Unity/Hub/Editor/2022.3.21f1/Editor/Data/MonoBleedingEdge/lib/mono/unityjit-win32'
Mono config path = 'C:/Program Files/Unity/Hub/Editor/2022.3.21f1/Editor/Data/MonoBleedingEdge/etc'
Using monoOptions --debugger-agent=transport=dt_socket,embedding=1,server=y,suspend=n,address=127.0.0.1:56388
Begin MonoManager ReloadAssembly
Registering precompiled unity dll's ...
Register platform support module: C:/Program Files/Unity/Hub/Editor/2022.3.21f1/Editor/Data/PlaybackEngines/WebGLSupport/UnityEditor.WebGL.Extensions.dll
Register platform support module: C:/Program Files/Unity/Hub/Editor/2022.3.21f1/Editor/Data/PlaybackEngines/WindowsStandaloneSupport/UnityEditor.WindowsStandalone.Extensions.dll
Registered in 0.016719 seconds.
- Loaded All Assemblies, in  0.676 seconds
Native extension for WindowsStandalone target not found
Native extension for WebGL target not found
Mono: successfully reloaded assembly
- Finished resetting the current domain, in  0.634 seconds
Domain Reload Profiling: 1307ms
	BeginReloadAssembly (217ms)
		ExecutionOrderSort (0ms)
		DisableScriptedObjects (0ms)
		BackupInstance (0ms)
		ReleaseScriptingObjects (0ms)
		CreateAndSetChildDomain (1ms)
	RebuildCommonClasses (62ms)
	RebuildNativeTypeToScriptingClass (21ms)
	initialDomainReloadingComplete (110ms)
	LoadAllAssembliesAndSetupDomain (263ms)
		LoadAssemblies (214ms)
		RebuildTransferFunctionScriptingTraits (0ms)
		AnalyzeDomain (259ms)
			TypeCache.Refresh (257ms)
				TypeCache.ScanAssembly (233ms)
			ScanForSourceGeneratedMonoScriptInfo (1ms)
			ResolveRequiredComponents (1ms)
	FinalizeReload (634ms)
		ReleaseScriptCaches (0ms)
		RebuildScriptCaches (0ms)
		SetupLoadedEditorAssemblies (512ms)
			LogAssemblyErrors (0ms)
			InitializePlatformSupportModulesInManaged (27ms)
			SetLoadedEditorAssemblies (13ms)
			RefreshPlugins (0ms)
			BeforeProcessingInitializeOnLoad (4ms)
			ProcessInitializeOnLoadAttributes (365ms)
			ProcessInitializeOnLoadMethodAttributes (103ms)
			AfterProcessingInitializeOnLoad (0ms)
			EditorAssembliesLoaded (0ms)
		ExecutionOrderSort2 (0ms)
		AwakeInstancesAfterBackupRestoration (0ms)
========================================================================
Worker process is ready to serve import requests
Begin MonoManager ReloadAssembly
- Loaded All Assemblies, in  1.400 seconds
Refreshing native plugins compatible for Editor in 7.03 ms, found 3 plugins.
Native extension for WindowsStandalone target not found
Native extension for WebGL target not found

=================================================================
	Native Crash Reporting
=================================================================
Got a UNKNOWN while executing native code. This usually indicates
a fatal error in the mono runtime or one of the native libraries 
used by your application.
=================================================================

=================================================================
	Managed Stacktrace:
=================================================================
	  at <unknown> <0xffffffff>
	  at System.Reflection.Assembly:GetTypes <0x00085>
	  at System.Reflection.Assembly:GetTypes <0x00019>
	  at <GetTypesSafely>d__35:MoveNext <0x0008f>
	  at Unity.VisualScripting.RuntimeCodebase:.cctor <0x005f6>
	  at System.Object:runtime_invoke_void <0x00084>
	  at <unknown> <0xffffffff>
	  at Unity.VisualScripting.FullSerializer.fsSerializer:.cctor <0x0037a>
	  at System.Object:runtime_invoke_void <0x00084>
	  at <unknown> <0xffffffff>
	  at System.Object:__icall_wrapper_mono_generic_class_init <0x0006a>
	  at Unity.VisualScripting.SerializationOperation:.ctor <0x000a2>
	  at Unity.VisualScripting.Serialization:StartOperation <0x000d2>
	  at Unity.VisualScripting.Serialization:DeserializeInto <0x0009a>
	  at Unity.VisualScripting.Serialization:Deserialize <0x0005a>
	  at Unity.VisualScripting.EditorPrefMetadata:Load <0x00102>
	  at Unity.VisualScripting.PluginConfigurationItemMetadata:.ctor <0x004e2>
	  at Unity.VisualScripting.EditorPrefMetadata:.ctor <0x0002a>
	  at <>c__DisplayClass244_0:<EditorPref>b__0 <0x0005a>
	  at Unity.VisualScripting.Metadata:Dig <0x0034a>
	  at Unity.VisualScripting.Metadata:EditorPref <0x00142>
	  at Unity.VisualScripting.PluginConfiguration:LoadEditorPrefs <0x0036a>
	  at Unity.VisualScripting.PluginConfiguration:Load <0x00022>
	  at Unity.VisualScripting.PluginConfiguration:Initialize <0x00052>
	  at Unity.VisualScripting.PluginContainer:Initialize <0x022ce>
	  at Unity.VisualScripting.PluginContainer:InitializeOnLoad <0x00032>
	  at Unity.VisualScripting.VSUsageUtility:DoInitializeOnLoadCalls <0x00102>
	  at Unity.VisualScripting.VSUsageUtility:set_isVisualScriptingUsed <0x000da>
	  at Unity.VisualScripting.VSUsageUtility:CheckAndSetIsVisualScriptingUsed <0x000b2>
	  at Unity.VisualScripting.VSUsageUtility:.cctor <0x00032>
	  at System.Object:runtime_invoke_void <0x00084>
	  at <unknown> <0xffffffff>
	  at System.Runtime.CompilerServices.RuntimeHelpers:RunClassConstructor <0x00069>
	  at System.Runtime.CompilerServices.RuntimeHelpers:RunClassConstructor <0x0003a>
	  at UnityEditor.EditorAssemblies:ProcessInitializeOnLoadAttributes <0x008da>
	  at <Module>:runtime_invoke_void_object <0x00087>
=================================================================
System.Exception: Error! Visual Scripting: couldn't find visual scripting package
  at Unity.VisualScripting.PackageVersionUtility.get_version () [0x00043] in .\Library\PackageCache\com.unity.visualscripting@1.9.1\Editor\VisualScripting.Core\Utilities\PackageVersionUtility.cs:31 
  at Unity.VisualScripting.BoltCoreManifest.get_version () [0x00000] in .\Library\PackageCache\com.unity.visualscripting@1.9.1\Editor\VisualScripting.Core\Plugin\BoltCoreManifest.cs:11 
  at Unity.VisualScripting.PluginManifest.get_currentVersion () [0x00000] in .\Library\PackageCache\com.unity.visualscripting@1.9.1\Editor\VisualScripting.Core\Plugins\PluginManifest.cs:33 
  at Unity.VisualScripting.PluginManifest.get_versionMismatch () [0x00000] in .\Library\PackageCache\com.unity.visualscripting@1.9.1\Editor\VisualScripting.Core\Plugins\PluginManifest.cs:48 
  at Unity.VisualScripting.PluginContainer.Initialize () [0x00525] in .\Library\PackageCache\com.unity.visualscripting@1.9.1\Editor\VisualScripting.Core\Plugins\PluginContainer.cs:208 
  at Unity.VisualScripting.PluginContainer.InitializeOnLoad () [0x00009] in .\Library\PackageCache\com.unity.visualscripting@1.9.1\Editor\VisualScripting.Core\Plugins\PluginContainer.cs:32 
  at Unity.VisualScripting.VSUsageUtility.DoInitializeOnLoadCalls () [0x00034] in .\Library\PackageCache\com.unity.visualscripting@1.9.1\Editor\VisualScripting.Core\Utilities\VSUsageUtility.cs:76 
  at Unity.VisualScripting.VSUsageUtility.set_isVisualScriptingUsed (System.Boolean value) [0x0002c] in .\Library\PackageCache\com.unity.visualscripting@1.9.1\Editor\VisualScripting.Core\Utilities\VSUsageUtility.cs:114 
  at Unity.VisualScripting.VSUsageUtility.CheckAndSetIsVisualScriptingUsed () [0x00032] in .\Library\PackageCache\com.unity.visualscripting@1.9.1\Editor\VisualScripting.Core\Utilities\VSUsageUtility.cs:48 
  at Unity.VisualScripting.VSUsageUtility..cctor () [0x00000] in .\Library\PackageCache\com.unity.visualscripting@1.9.1\Editor\VisualScripting.Core\Utilities\VSUsageUtility.cs:22 
UnityEngine.StackTraceUtility:ExtractStackTrace ()
UnityEngine.DebugLogHandler:LogFormat (UnityEngine.LogType,UnityEngine.Object,string,object[])
UnityEngine.Logger:Log (UnityEngine.LogType,object)
UnityEngine.Debug:LogError (object)
UnityEditor.EditorAssemblies:ProcessInitializeOnLoadAttributes (System.Type[])

Package Manager log level set to [2]
[Package Manager] Server::EnsureServerProcessIsRunning -- launch failed, reason: Unity was launched with the -noUpm command-line argument
[Package Manager] UpmClient::Send -- Unable to send message (not connected to UPM process).
[Package Manager] Cannot connect to Unity Package Manager local server
Mono: successfully reloaded assembly
- Finished resetting the current domain, in  2.499 seconds
Domain Reload Profiling: 3893ms
	BeginReloadAssembly (280ms)
		ExecutionOrderSort (0ms)
		DisableScriptedObjects (12ms)
		BackupInstance (0ms)
		ReleaseScriptingObjects (0ms)
		CreateAndSetChildDomain (34ms)
	RebuildCommonClasses (63ms)
	RebuildNativeTypeToScriptingClass (21ms)
	initialDomainReloadingComplete (84ms)
	LoadAllAssembliesAndSetupDomain (945ms)
		LoadAssemblies (646ms)
		RebuildTransferFunctionScriptingTraits (0ms)
		AnalyzeDomain (466ms)
			TypeCache.Refresh (406ms)
				TypeCache.ScanAssembly (376ms)
			ScanForSourceGeneratedMonoScriptInfo (46ms)
			ResolveRequiredComponents (12ms)
	FinalizeReload (2500ms)
		ReleaseScriptCaches (0ms)
		RebuildScriptCaches (0ms)
		SetupLoadedEditorAssemblies (2087ms)
			LogAssemblyErrors (0ms)
			InitializePlatformSupportModulesInManaged (18ms)
			SetLoadedEditorAssemblies (10ms)
			RefreshPlugins (0ms)
			BeforeProcessingInitializeOnLoad (142ms)
			ProcessInitializeOnLoadAttributes (1761ms)
			ProcessInitializeOnLoadMethodAttributes (139ms)
			AfterProcessingInitializeOnLoad (16ms)
			EditorAssembliesLoaded (0ms)
		ExecutionOrderSort2 (0ms)
		AwakeInstancesAfterBackupRestoration (18ms)
Launched and connected shader compiler UnityShaderCompiler.exe after 0.10 seconds
Refreshing native plugins compatible for Editor in 6.57 ms, found 3 plugins.
Preloading 0 native plugins for Editor in 0.00 ms.
Unloading 4785 Unused Serialized files (Serialized files now loaded: 0)
Unloading 44 unused Assets / (1.1 MB). Loaded Objects now: 5281.
Memory consumption went from 178.4 MB to 177.3 MB.
Total: 27.047300 ms (FindLiveObjects: 0.470100 ms CreateObjectMapping: 0.216400 ms MarkObjects: 25.855700 ms  DeleteObjects: 0.503000 ms)

AssetImportParameters requested are different than current active one (requested -> active):
  custom:container-demuxer-ogg: 62fdf1f143b41e24485cea50d1cbac27 -> 
  custom:video-decoder-ogg-theora: a1e56fd34408186e4bbccfd4996cb3dc -> 
  custom:framework-win-MediaFoundation: 216162199b28c13a410421893ffa2e32 -> 
  custom:CustomObjectIndexerAttribute: 9a22284fe3817be447336de3de66b15e -> 
  custom:container-demuxer-webm: 4f35f7cbe854078d1ac9338744f61a02 -> 
  custom:container-muxer-webm: aa71ff27fc2769a1b78a27578f13a17b -> 
  custom:video-decoder-webm-vp8: 9c59270c3fd7afecdb556c50c9e8de78 -> 
  custom:SearchIndexIgnoredProperties: e643bd26f0fe6173181afceb89e7c659 -> 
  custom:AudioImporter_EditorPlatform: d09bf68614088b80899f8185d706f6e7 -> 
  custom:video-encoder-webm-vp8: eb34c28f22e8b96e1ab97ce403110664 -> 
  custom:audio-decoder-ogg-vorbis: bf7c407c2cedff20999df2af8eb42d56 -> 
  custom:audio-encoder-webm-vorbis: bf7c407c2cedff20999df2af8eb42d56 -> 
========================================================================
Received Prepare
Begin MonoManager ReloadAssembly
- Loaded All Assemblies, in  0.742 seconds
Refreshing native plugins compatible for Editor in 6.75 ms, found 3 plugins.
Native extension for WindowsStandalone target not found
Native extension for WebGL target not found
System.Exception: Error! Visual Scripting: couldn't find visual scripting package
  at Unity.VisualScripting.PackageVersionUtility.get_version () [0x00043] in .\Library\PackageCache\com.unity.visualscripting@1.9.1\Editor\VisualScripting.Core\Utilities\PackageVersionUtility.cs:31 
  at Unity.VisualScripting.BoltCoreManifest.get_version () [0x00000] in .\Library\PackageCache\com.unity.visualscripting@1.9.1\Editor\VisualScripting.Core\Plugin\BoltCoreManifest.cs:11 
  at Unity.VisualScripting.PluginManifest.get_currentVersion () [0x00000] in .\Library\PackageCache\com.unity.visualscripting@1.9.1\Editor\VisualScripting.Core\Plugins\PluginManifest.cs:33 
  at Unity.VisualScripting.PluginManifest.get_versionMismatch () [0x00000] in .\Library\PackageCache\com.unity.visualscripting@1.9.1\Editor\VisualScripting.Core\Plugins\PluginManifest.cs:48 
  at Unity.VisualScripting.PluginContainer.Initialize () [0x00525] in .\Library\PackageCache\com.unity.visualscripting@1.9.1\Editor\VisualScripting.Core\Plugins\PluginContainer.cs:208 
  at Unity.VisualScripting.PluginContainer.InitializeOnLoad () [0x00009] in .\Library\PackageCache\com.unity.visualscripting@1.9.1\Editor\VisualScripting.Core\Plugins\PluginContainer.cs:32 
  at Unity.VisualScripting.VSUsageUtility.DoInitializeOnLoadCalls () [0x00034] in .\Library\PackageCache\com.unity.visualscripting@1.9.1\Editor\VisualScripting.Core\Utilities\VSUsageUtility.cs:76 
  at Unity.VisualScripting.VSUsageUtility.set_isVisualScriptingUsed (System.Boolean value) [0x0002c] in .\Library\PackageCache\com.unity.visualscripting@1.9.1\Editor\VisualScripting.Core\Utilities\VSUsageUtility.cs:114 
  at Unity.VisualScripting.VSUsageUtility.CheckAndSetIsVisualScriptingUsed () [0x0000d] in .\Library\PackageCache\com.unity.visualscripting@1.9.1\Editor\VisualScripting.Core\Utilities\VSUsageUtility.cs:33 
  at Unity.VisualScripting.VSUsageUtility..cctor () [0x00000] in .\Library\PackageCache\com.unity.visualscripting@1.9.1\Editor\VisualScripting.Core\Utilities\VSUsageUtility.cs:22 
UnityEngine.StackTraceUtility:ExtractStackTrace ()
UnityEngine.DebugLogHandler:LogFormat (UnityEngine.LogType,UnityEngine.Object,string,object[])
UnityEngine.Logger:Log (UnityEngine.LogType,object)
UnityEngine.Debug:LogError (object)
UnityEditor.EditorAssemblies:ProcessInitializeOnLoadAttributes (System.Type[])

[Package Manager] Server::EnsureServerProcessIsRunning -- launch failed, reason: Unity was launched with the -noUpm command-line argument
[Package Manager] UpmClient::Send -- Unable to send message (not connected to UPM process).
[Package Manager] Cannot connect to Unity Package Manager local server
Mono: successfully reloaded assembly
- Finished resetting the current domain, in  4.766 seconds
Domain Reload Profiling: 5502ms
	BeginReloadAssembly (241ms)
		ExecutionOrderSort (0ms)
		DisableScriptedObjects (6ms)
		BackupInstance (0ms)
		ReleaseScriptingObjects (0ms)
		CreateAndSetChildDomain (59ms)
	RebuildCommonClasses (51ms)
	RebuildNativeTypeToScriptingClass (16ms)
	initialDomainReloadingComplete (46ms)
	LoadAllAssembliesAndSetupDomain (380ms)
		LoadAssemblies (459ms)
		RebuildTransferFunctionScriptingTraits (0ms)
		AnalyzeDomain (34ms)
			TypeCache.Refresh (15ms)
				TypeCache.ScanAssembly (0ms)
			ScanForSourceGeneratedMonoScriptInfo (1ms)
			ResolveRequiredComponents (16ms)
	FinalizeReload (4767ms)
		ReleaseScriptCaches (0ms)
		RebuildScriptCaches (0ms)
		SetupLoadedEditorAssemblies (1997ms)
			LogAssemblyErrors (0ms)
			InitializePlatformSupportModulesInManaged (22ms)
			SetLoadedEditorAssemblies (8ms)
			RefreshPlugins (0ms)
			BeforeProcessingInitializeOnLoad (210ms)
			ProcessInitializeOnLoadAttributes (1548ms)
			ProcessInitializeOnLoadMethodAttributes (187ms)
			AfterProcessingInitializeOnLoad (22ms)
			EditorAssembliesLoaded (0ms)
		ExecutionOrderSort2 (0ms)
		AwakeInstancesAfterBackupRestoration (23ms)
Refreshing native plugins compatible for Editor in 54.04 ms, found 3 plugins.
Preloading 0 native plugins for Editor in 0.00 ms.
Unloading 4754 Unused Serialized files (Serialized files now loaded: 0)
Unloading 32 unused Assets / (1.1 MB). Loaded Objects now: 5285.
Memory consumption went from 174.0 MB to 173.0 MB.
Total: 24.222300 ms (FindLiveObjects: 0.569900 ms CreateObjectMapping: 0.486100 ms MarkObjects: 22.713900 ms  DeleteObjects: 0.450400 ms)

Prepare: number of updated asset objects reloaded= 0
AssetImportParameters requested are different than current active one (requested -> active):
  custom:container-demuxer-ogg: 62fdf1f143b41e24485cea50d1cbac27 -> 
  custom:video-decoder-ogg-theora: a1e56fd34408186e4bbccfd4996cb3dc -> 
  custom:framework-win-MediaFoundation: 216162199b28c13a410421893ffa2e32 -> 
  custom:CustomObjectIndexerAttribute: 9a22284fe3817be447336de3de66b15e -> 
  custom:container-demuxer-webm: 4f35f7cbe854078d1ac9338744f61a02 -> 
  custom:container-muxer-webm: aa71ff27fc2769a1b78a27578f13a17b -> 
  custom:video-decoder-webm-vp8: 9c59270c3fd7afecdb556c50c9e8de78 -> 
  custom:SearchIndexIgnoredProperties: e643bd26f0fe6173181afceb89e7c659 -> 
  custom:AudioImporter_EditorPlatform: d09bf68614088b80899f8185d706f6e7 -> 
  custom:video-encoder-webm-vp8: eb34c28f22e8b96e1ab97ce403110664 -> 
  custom:audio-decoder-ogg-vorbis: bf7c407c2cedff20999df2af8eb42d56 -> 
  custom:audio-encoder-webm-vorbis: bf7c407c2cedff20999df2af8eb42d56 -> 
========================================================================
Received Import Request.
  Time since last request: 882875.092337 seconds.
  path: Assets/Piloto Studio/Campfire And Torches Pack/Prefabs/SM_trashcan_001.prefab
  artifactKey: Guid(96c186cabf0e2f94ba02d320a5b7acea) Importer(815301076,1909f56bfc062723c751e8b465ee728b)
Start importing Assets/Piloto Studio/Campfire And Torches Pack/Prefabs/SM_trashcan_001.prefab using Guid(96c186cabf0e2f94ba02d320a5b7acea) Importer(815301076,1909f56bfc062723c751e8b465ee728b)  -> (artifact id: 'aabdbe4bbd42cce9ce567ac1bb168024') in 0.136838 seconds
Number of updated asset objects reloaded before import = 0
Number of asset objects unloaded after import = 8
========================================================================
Received Import Request.
  Time since last request: 0.000045 seconds.
  path: Assets/Piloto Studio/Campfire And Torches Pack/Prefabs/SM_trashcan_001_AmbienceFX.prefab
  artifactKey: Guid(e44b755a6c7359a44be4bf49b7b04dca) Importer(815301076,1909f56bfc062723c751e8b465ee728b)
Start importing Assets/Piloto Studio/Campfire And Torches Pack/Prefabs/SM_trashcan_001_AmbienceFX.prefab using Guid(e44b755a6c7359a44be4bf49b7b04dca) Importer(815301076,1909f56bfc062723c751e8b465ee728b)  -> (artifact id: '212bd5f7133dee7afa49aad5864dc01e') in 0.117091 seconds
Number of updated asset objects reloaded before import = 0
Number of asset objects unloaded after import = 45
========================================================================
Received Import Request.
  Time since last request: 125.118746 seconds.
  path: Assets/Piloto Studio/Campfire And Torches Pack/Prefabs/SM_campfire_001.prefab
  artifactKey: Guid(08183bb2c5c52cc4c9e4c46a92b604f6) Importer(815301076,1909f56bfc062723c751e8b465ee728b)
Start importing Assets/Piloto Studio/Campfire And Torches Pack/Prefabs/SM_campfire_001.prefab using Guid(08183bb2c5c52cc4c9e4c46a92b604f6) Importer(815301076,1909f56bfc062723c751e8b465ee728b)  -> (artifact id: '6360b2c1573eb5ec2abb84f59effb506') in 0.016694 seconds
Number of updated asset objects reloaded before import = 0
Number of asset objects unloaded after import = 8
========================================================================
Received Import Request.
  Time since last request: 0.331357 seconds.
  path: Assets/Piloto Studio/Campfire And Torches Pack/Prefabs/SM_campfire_002.prefab
  artifactKey: Guid(82561250608dfd54d834633a2ef56879) Importer(815301076,1909f56bfc062723c751e8b465ee728b)
Start importing Assets/Piloto Studio/Campfire And Torches Pack/Prefabs/SM_campfire_002.prefab using Guid(82561250608dfd54d834633a2ef56879) Importer(815301076,1909f56bfc062723c751e8b465ee728b)  -> (artifact id: '4beb6189611943858fab2cde250de38c') in 0.016429 seconds
Number of updated asset objects reloaded before import = 0
Number of asset objects unloaded after import = 8
========================================================================
Received Import Request.
  Time since last request: 0.000077 seconds.
  path: Assets/Piloto Studio/Campfire And Torches Pack/Prefabs/SM_campfire_002_AmbienceFX.prefab
  artifactKey: Guid(e5b22139feccdc04f9a225d2a41c0a22) Importer(815301076,1909f56bfc062723c751e8b465ee728b)
Start importing Assets/Piloto Studio/Campfire And Torches Pack/Prefabs/SM_campfire_002_AmbienceFX.prefab using Guid(e5b22139feccdc04f9a225d2a41c0a22) Importer(815301076,1909f56bfc062723c751e8b465ee728b)  -> (artifact id: '78b8ed9ed3d5a4e8b341338e1888793d') in 0.033866 seconds
Number of updated asset objects reloaded before import = 0
Number of asset objects unloaded after import = 45
========================================================================
Received Import Request.
  Time since last request: 0.002181 seconds.
  path: Assets/Piloto Studio/Campfire And Torches Pack/Prefabs/SM_campfire_003_AmbienceFX.prefab
  artifactKey: Guid(e216627273e5b3e488e02c547ae35664) Importer(815301076,1909f56bfc062723c751e8b465ee728b)
Start importing Assets/Piloto Studio/Campfire And Torches Pack/Prefabs/SM_campfire_003_AmbienceFX.prefab using Guid(e216627273e5b3e488e02c547ae35664) Importer(815301076,1909f56bfc062723c751e8b465ee728b)  -> (artifact id: '2fa283b97c148043eab139284cff78ce') in 0.023853 seconds
Number of updated asset objects reloaded before import = 0
Number of asset objects unloaded after import = 45
========================================================================
Received Import Request.
  Time since last request: 0.000033 seconds.
  path: Assets/Piloto Studio/Campfire And Torches Pack/Prefabs/SM_campfire_004.prefab
  artifactKey: Guid(ca4e22f1f2a41604d8887fb4f60ce127) Importer(815301076,1909f56bfc062723c751e8b465ee728b)
Start importing Assets/Piloto Studio/Campfire And Torches Pack/Prefabs/SM_campfire_004.prefab using Guid(ca4e22f1f2a41604d8887fb4f60ce127) Importer(815301076,1909f56bfc062723c751e8b465ee728b)  -> (artifact id: '624d36ad7ef15a88ee73fc36cee42e2a') in 0.019588 seconds
Number of updated asset objects reloaded before import = 0
Number of asset objects unloaded after import = 8
========================================================================
Received Import Request.
  Time since last request: 0.000030 seconds.
  path: Assets/Piloto Studio/Campfire And Torches Pack/Prefabs/SM_campfire_004_AmbienceFX.prefab
  artifactKey: Guid(194b466341f67e04596e227afc37c90b) Importer(815301076,1909f56bfc062723c751e8b465ee728b)
Start importing Assets/Piloto Studio/Campfire And Torches Pack/Prefabs/SM_campfire_004_AmbienceFX.prefab using Guid(194b466341f67e04596e227afc37c90b) Importer(815301076,1909f56bfc062723c751e8b465ee728b)  -> (artifact id: 'ebbb20583ad7582be3855768c01e21f6') in 0.030054 seconds
Number of updated asset objects reloaded before import = 0
Number of asset objects unloaded after import = 50
========================================================================
Received Import Request.
  Time since last request: 0.000034 seconds.
  path: Assets/Piloto Studio/Campfire And Torches Pack/Prefabs/SM_campfire_005_AmbienceFX.prefab
  artifactKey: Guid(b46cb4402bf10164fa134e16a26fb167) Importer(815301076,1909f56bfc062723c751e8b465ee728b)
Start importing Assets/Piloto Studio/Campfire And Torches Pack/Prefabs/SM_campfire_005_AmbienceFX.prefab using Guid(b46cb4402bf10164fa134e16a26fb167) Importer(815301076,1909f56bfc062723c751e8b465ee728b)  -> (artifact id: '3e01ca8a6dccb7a9a1f627ea108b7aeb') in 0.028212 seconds
Number of updated asset objects reloaded before import = 0
Number of asset objects unloaded after import = 50
========================================================================
Received Import Request.
  Time since last request: 0.250794 seconds.
  path: Assets/Piloto Studio/Campfire And Torches Pack/Prefabs/SM_irontorch_001.prefab
  artifactKey: Guid(d4a432448a3d5e647bc2eb4e9fbddece) Importer(815301076,1909f56bfc062723c751e8b465ee728b)
Start importing Assets/Piloto Studio/Campfire And Torches Pack/Prefabs/SM_irontorch_001.prefab using Guid(d4a432448a3d5e647bc2eb4e9fbddece) Importer(815301076,1909f56bfc062723c751e8b465ee728b)  -> (artifact id: '6d45250815acb07d9538219b115b4f7f') in 0.016061 seconds
Number of updated asset objects reloaded before import = 0
Number of asset objects unloaded after import = 8
========================================================================
Received Import Request.
  Time since last request: 0.000022 seconds.
  path: Assets/Piloto Studio/Campfire And Torches Pack/Prefabs/SM_irontorch_001_AmbienceFX.prefab
  artifactKey: Guid(a00646ffdd0c8c94aab1d8cea35c7847) Importer(815301076,1909f56bfc062723c751e8b465ee728b)
Start importing Assets/Piloto Studio/Campfire And Torches Pack/Prefabs/SM_irontorch_001_AmbienceFX.prefab using Guid(a00646ffdd0c8c94aab1d8cea35c7847) Importer(815301076,1909f56bfc062723c751e8b465ee728b)  -> (artifact id: 'a33ba477ab9d373afcd279494b3ef169') in 0.032462 seconds
Number of updated asset objects reloaded before import = 0
Number of asset objects unloaded after import = 38
========================================================================
Received Import Request.
  Time since last request: 0.006725 seconds.
  path: Assets/Piloto Studio/Campfire And Torches Pack/Prefabs/SM_irontorch_002_AmbienceFX.prefab
  artifactKey: Guid(2071281887c6f514388923e0ee4bae72) Importer(815301076,1909f56bfc062723c751e8b465ee728b)
Start importing Assets/Piloto Studio/Campfire And Torches Pack/Prefabs/SM_irontorch_002_AmbienceFX.prefab using Guid(2071281887c6f514388923e0ee4bae72) Importer(815301076,1909f56bfc062723c751e8b465ee728b)  -> (artifact id: '36f4d15175406509b45ce5355797c91b') in 0.020406 seconds
Number of updated asset objects reloaded before import = 0
Number of asset objects unloaded after import = 38
========================================================================
Received Import Request.
  Time since last request: 0.000027 seconds.
  path: Assets/Piloto Studio/Campfire And Torches Pack/Prefabs/SM_irontorch_003.prefab
  artifactKey: Guid(34c6fe33973a93b44a7287c4b419bb35) Importer(815301076,1909f56bfc062723c751e8b465ee728b)
Start importing Assets/Piloto Studio/Campfire And Torches Pack/Prefabs/SM_irontorch_003.prefab using Guid(34c6fe33973a93b44a7287c4b419bb35) Importer(815301076,1909f56bfc062723c751e8b465ee728b)  -> (artifact id: 'ff69a489f1da5292dd1adb5c0f961902') in 0.017837 seconds
Number of updated asset objects reloaded before import = 0
Number of asset objects unloaded after import = 8
========================================================================
Received Import Request.
  Time since last request: 0.004868 seconds.
  path: Assets/Piloto Studio/Campfire And Torches Pack/Models/SM_planks_001.fbx
  artifactKey: Guid(76b04e716f2c6dc4780b82290928f565) Importer(815301076,1909f56bfc062723c751e8b465ee728b)
Start importing Assets/Piloto Studio/Campfire And Torches Pack/Models/SM_planks_001.fbx using Guid(76b04e716f2c6dc4780b82290928f565) Importer(815301076,1909f56bfc062723c751e8b465ee728b)  -> (artifact id: '1f9033ab4d7cbff73f0d8553c51b3a2e') in 0.054995 seconds
Number of updated asset objects reloaded before import = 0
Number of asset objects unloaded after import = 7
========================================================================
Received Import Request.
  Time since last request: 0.000027 seconds.
  path: Assets/Piloto Studio/Campfire And Torches Pack/Prefabs/SM_planks_001_AmbienceFX.prefab
  artifactKey: Guid(25c73e10777eb9b4d9a653b3c61d4f6c) Importer(815301076,1909f56bfc062723c751e8b465ee728b)
Start importing Assets/Piloto Studio/Campfire And Torches Pack/Prefabs/SM_planks_001_AmbienceFX.prefab using Guid(25c73e10777eb9b4d9a653b3c61d4f6c) Importer(815301076,1909f56bfc062723c751e8b465ee728b)  -> (artifact id: '26faaaca665365e9c5a73b8bf3284102') in 0.027713 seconds
Number of updated asset objects reloaded before import = 0
Number of asset objects unloaded after import = 43
========================================================================
Received Import Request.
  Time since last request: 0.298496 seconds.
  path: Assets/Piloto Studio/Campfire And Torches Pack/Prefabs/SM_planks_002.prefab
  artifactKey: Guid(ea841482b40ca984ba1d9813f5bae5d6) Importer(815301076,1909f56bfc062723c751e8b465ee728b)
Start importing Assets/Piloto Studio/Campfire And Torches Pack/Prefabs/SM_planks_002.prefab using Guid(ea841482b40ca984ba1d9813f5bae5d6) Importer(815301076,1909f56bfc062723c751e8b465ee728b)  -> (artifact id: '2e09cccbbbdad2d7e08e75f23bdf6cb9') in 0.017719 seconds
Number of updated asset objects reloaded before import = 0
Number of asset objects unloaded after import = 8
========================================================================
Received Import Request.
  Time since last request: 0.035590 seconds.
  path: Assets/Piloto Studio/Campfire And Torches Pack/Prefabs/SM_props_candle_01.prefab
  artifactKey: Guid(8bd8d6e75647b574bb81b82c3d1177f0) Importer(815301076,1909f56bfc062723c751e8b465ee728b)
Start importing Assets/Piloto Studio/Campfire And Torches Pack/Prefabs/SM_props_candle_01.prefab using Guid(8bd8d6e75647b574bb81b82c3d1177f0) Importer(815301076,1909f56bfc062723c751e8b465ee728b)  -> (artifact id: '0c1a8885d69b83a7ed4b1357c7fc1aae') in 0.020688 seconds
Number of updated asset objects reloaded before import = 0
Number of asset objects unloaded after import = 8
========================================================================
Received Import Request.
  Time since last request: 0.000025 seconds.
  path: Assets/Piloto Studio/Campfire And Torches Pack/Prefabs/SM_props_candle_01_AmbienceFX.prefab
  artifactKey: Guid(fcdfd52848ea62e419f1dc9237325b1e) Importer(815301076,1909f56bfc062723c751e8b465ee728b)
Start importing Assets/Piloto Studio/Campfire And Torches Pack/Prefabs/SM_props_candle_01_AmbienceFX.prefab using Guid(fcdfd52848ea62e419f1dc9237325b1e) Importer(815301076,1909f56bfc062723c751e8b465ee728b)  -> (artifact id: '0148845a018b5c1ee1c7fd9d14779b23') in 0.042918 seconds
Number of updated asset objects reloaded before import = 0
Number of asset objects unloaded after import = 29
========================================================================
Received Import Request.
  Time since last request: 0.005389 seconds.
  path: Assets/Piloto Studio/Campfire And Torches Pack/Prefabs/SM_props_candle_02_AmbienceFX.prefab
  artifactKey: Guid(9ba1d8ab6c11e2f49bd24ffc7408e505) Importer(815301076,1909f56bfc062723c751e8b465ee728b)
Start importing Assets/Piloto Studio/Campfire And Torches Pack/Prefabs/SM_props_candle_02_AmbienceFX.prefab using Guid(9ba1d8ab6c11e2f49bd24ffc7408e505) Importer(815301076,1909f56bfc062723c751e8b465ee728b)  -> (artifact id: 'd59acdb9e07273c2b2f62a2585877dd8') in 0.026493 seconds
Number of updated asset objects reloaded before import = 0
Number of asset objects unloaded after import = 29
========================================================================
Received Import Request.
  Time since last request: 0.000027 seconds.
  path: Assets/Piloto Studio/Campfire And Torches Pack/Prefabs/SM_props_candle_02.prefab
  artifactKey: Guid(d0e28842d93f5db42b0c0bb70755da8c) Importer(815301076,1909f56bfc062723c751e8b465ee728b)
Start importing Assets/Piloto Studio/Campfire And Torches Pack/Prefabs/SM_props_candle_02.prefab using Guid(d0e28842d93f5db42b0c0bb70755da8c) Importer(815301076,1909f56bfc062723c751e8b465ee728b)  -> (artifact id: '01e398a11b73eccbddea3b6ac51a0a8c') in 0.019549 seconds
Number of updated asset objects reloaded before import = 0
Number of asset objects unloaded after import = 8
========================================================================
Received Import Request.
  Time since last request: 0.000026 seconds.
  path: Assets/Piloto Studio/Campfire And Torches Pack/Prefabs/SM_torch_001_AmbienceFX.prefab
  artifactKey: Guid(9a8a745f10692fd4b82039a679ffcaf8) Importer(815301076,1909f56bfc062723c751e8b465ee728b)
Start importing Assets/Piloto Studio/Campfire And Torches Pack/Prefabs/SM_torch_001_AmbienceFX.prefab using Guid(9a8a745f10692fd4b82039a679ffcaf8) Importer(815301076,1909f56bfc062723c751e8b465ee728b)  -> (artifact id: 'e02ff47bc4a7c4743027e91b57a9dd01') in 0.025678 seconds
Number of updated asset objects reloaded before import = 0
Number of asset objects unloaded after import = 38
========================================================================
Received Import Request.
  Time since last request: 0.339806 seconds.
  path: Assets/Piloto Studio/Campfire And Torches Pack/Models/SM_torch_002.fbx
  artifactKey: Guid(28c4751ae6a332a438b94e30eaa1ecb6) Importer(815301076,1909f56bfc062723c751e8b465ee728b)
Start importing Assets/Piloto Studio/Campfire And Torches Pack/Models/SM_torch_002.fbx using Guid(28c4751ae6a332a438b94e30eaa1ecb6) Importer(815301076,1909f56bfc062723c751e8b465ee728b)  -> (artifact id: 'e2ab78c7b2edc7d68dbe77dbe0eda6d7') in 0.022991 seconds
Number of updated asset objects reloaded before import = 0
Number of asset objects unloaded after import = 7
========================================================================
Received Import Request.
  Time since last request: 0.049397 seconds.
  path: Assets/Piloto Studio/Campfire And Torches Pack/Prefabs/SM_torch_003.prefab
  artifactKey: Guid(7d459ee27cd339d4eab71e20cb0b4d59) Importer(815301076,1909f56bfc062723c751e8b465ee728b)
Start importing Assets/Piloto Studio/Campfire And Torches Pack/Prefabs/SM_torch_003.prefab using Guid(7d459ee27cd339d4eab71e20cb0b4d59) Importer(815301076,1909f56bfc062723c751e8b465ee728b)  -> (artifact id: '86e0177fdfba0942bf3a2312cd0a474b') in 0.022660 seconds
Number of updated asset objects reloaded before import = 0
Number of asset objects unloaded after import = 8
========================================================================
Received Import Request.
  Time since last request: 0.000022 seconds.
  path: Assets/Piloto Studio/Campfire And Torches Pack/Prefabs/SM_torch_003_AmbienceFX.prefab
  artifactKey: Guid(78a5713850a5cdb4786fa0fed25cdbd6) Importer(815301076,1909f56bfc062723c751e8b465ee728b)
Start importing Assets/Piloto Studio/Campfire And Torches Pack/Prefabs/SM_torch_003_AmbienceFX.prefab using Guid(78a5713850a5cdb4786fa0fed25cdbd6) Importer(815301076,1909f56bfc062723c751e8b465ee728b)  -> (artifact id: '55158772fb392cedb176c6d348ceea93') in 0.027315 seconds
Number of updated asset objects reloaded before import = 0
Number of asset objects unloaded after import = 38
========================================================================
Received Prepare
Begin MonoManager ReloadAssembly
- Loaded All Assemblies, in  1.106 seconds
Refreshing native plugins compatible for Editor in 3.86 ms, found 3 plugins.
Native extension for WindowsStandalone target not found
Native extension for WebGL target not found
System.Exception: Error! Visual Scripting: couldn't find visual scripting package
  at Unity.VisualScripting.PackageVersionUtility.get_version () [0x00043] in .\Library\PackageCache\com.unity.visualscripting@1.9.1\Editor\VisualScripting.Core\Utilities\PackageVersionUtility.cs:31 
  at Unity.VisualScripting.BoltCoreManifest.get_version () [0x00000] in .\Library\PackageCache\com.unity.visualscripting@1.9.1\Editor\VisualScripting.Core\Plugin\BoltCoreManifest.cs:11 
  at Unity.VisualScripting.PluginManifest.get_currentVersion () [0x00000] in .\Library\PackageCache\com.unity.visualscripting@1.9.1\Editor\VisualScripting.Core\Plugins\PluginManifest.cs:33 
  at Unity.VisualScripting.PluginManifest.get_versionMismatch () [0x00000] in .\Library\PackageCache\com.unity.visualscripting@1.9.1\Editor\VisualScripting.Core\Plugins\PluginManifest.cs:48 
  at Unity.VisualScripting.PluginContainer.Initialize () [0x00525] in .\Library\PackageCache\com.unity.visualscripting@1.9.1\Editor\VisualScripting.Core\Plugins\PluginContainer.cs:208 
  at Unity.VisualScripting.PluginContainer.InitializeOnLoad () [0x00009] in .\Library\PackageCache\com.unity.visualscripting@1.9.1\Editor\VisualScripting.Core\Plugins\PluginContainer.cs:32 
  at Unity.VisualScripting.VSUsageUtility.DoInitializeOnLoadCalls () [0x00034] in .\Library\PackageCache\com.unity.visualscripting@1.9.1\Editor\VisualScripting.Core\Utilities\VSUsageUtility.cs:76 
  at Unity.VisualScripting.VSUsageUtility.set_isVisualScriptingUsed (System.Boolean value) [0x0002c] in .\Library\PackageCache\com.unity.visualscripting@1.9.1\Editor\VisualScripting.Core\Utilities\VSUsageUtility.cs:114 
  at Unity.VisualScripting.VSUsageUtility.CheckAndSetIsVisualScriptingUsed () [0x0000d] in .\Library\PackageCache\com.unity.visualscripting@1.9.1\Editor\VisualScripting.Core\Utilities\VSUsageUtility.cs:33 
  at Unity.VisualScripting.VSUsageUtility..cctor () [0x00000] in .\Library\PackageCache\com.unity.visualscripting@1.9.1\Editor\VisualScripting.Core\Utilities\VSUsageUtility.cs:22 
UnityEngine.StackTraceUtility:ExtractStackTrace ()
UnityEngine.DebugLogHandler:LogFormat (UnityEngine.LogType,UnityEngine.Object,string,object[])
UnityEngine.Logger:Log (UnityEngine.LogType,object)
UnityEngine.Debug:LogError (object)
UnityEditor.EditorAssemblies:ProcessInitializeOnLoadAttributes (System.Type[])

[Package Manager] Server::EnsureServerProcessIsRunning -- launch failed, reason: Unity was launched with the -noUpm command-line argument
[Package Manager] UpmClient::Send -- Unable to send message (not connected to UPM process).
[Package Manager] Cannot connect to Unity Package Manager local server
Mono: successfully reloaded assembly
- Finished resetting the current domain, in  2.255 seconds
Domain Reload Profiling: 3357ms
	BeginReloadAssembly (278ms)
		ExecutionOrderSort (0ms)
		DisableScriptedObjects (6ms)
		BackupInstance (0ms)
		ReleaseScriptingObjects (0ms)
		CreateAndSetChildDomain (90ms)
	RebuildCommonClasses (43ms)
	RebuildNativeTypeToScriptingClass (15ms)
	initialDomainReloadingComplete (43ms)
	LoadAllAssembliesAndSetupDomain (723ms)
		LoadAssemblies (783ms)
		RebuildTransferFunctionScriptingTraits (0ms)
		AnalyzeDomain (53ms)
			TypeCache.Refresh (12ms)
				TypeCache.ScanAssembly (1ms)
			ScanForSourceGeneratedMonoScriptInfo (31ms)
			ResolveRequiredComponents (9ms)
	FinalizeReload (2255ms)
		ReleaseScriptCaches (0ms)
		RebuildScriptCaches (0ms)
		SetupLoadedEditorAssemblies (814ms)
			LogAssemblyErrors (0ms)
			InitializePlatformSupportModulesInManaged (9ms)
			SetLoadedEditorAssemblies (10ms)
			RefreshPlugins (0ms)
			BeforeProcessingInitializeOnLoad (94ms)
			ProcessInitializeOnLoadAttributes (618ms)
			ProcessInitializeOnLoadMethodAttributes (74ms)
			AfterProcessingInitializeOnLoad (9ms)
			EditorAssembliesLoaded (0ms)
		ExecutionOrderSort2 (0ms)
		AwakeInstancesAfterBackupRestoration (10ms)
Refreshing native plugins compatible for Editor in 3.93 ms, found 3 plugins.
Preloading 0 native plugins for Editor in 0.00 ms.
Unloading 4755 Unused Serialized files (Serialized files now loaded: 0)
Unloading 33 unused Assets / (1.1 MB). Loaded Objects now: 5302.
Memory consumption went from 180.5 MB to 179.4 MB.
Total: 16.044900 ms (FindLiveObjects: 0.412100 ms CreateObjectMapping: 0.205100 ms MarkObjects: 15.069800 ms  DeleteObjects: 0.356300 ms)

Prepare: number of updated asset objects reloaded= 0
AssetImportParameters requested are different than current active one (requested -> active):
  custom:container-demuxer-ogg: 62fdf1f143b41e24485cea50d1cbac27 -> 
  custom:video-decoder-ogg-theora: a1e56fd34408186e4bbccfd4996cb3dc -> 
  custom:framework-win-MediaFoundation: 216162199b28c13a410421893ffa2e32 -> 
  custom:CustomObjectIndexerAttribute: 9a22284fe3817be447336de3de66b15e -> 
  custom:container-demuxer-webm: 4f35f7cbe854078d1ac9338744f61a02 -> 
  custom:container-muxer-webm: aa71ff27fc2769a1b78a27578f13a17b -> 
  custom:video-decoder-webm-vp8: 9c59270c3fd7afecdb556c50c9e8de78 -> 
  custom:SearchIndexIgnoredProperties: e643bd26f0fe6173181afceb89e7c659 -> 
  custom:AudioImporter_EditorPlatform: d09bf68614088b80899f8185d706f6e7 -> 
  custom:video-encoder-webm-vp8: eb34c28f22e8b96e1ab97ce403110664 -> 
  custom:audio-decoder-ogg-vorbis: bf7c407c2cedff20999df2af8eb42d56 -> 
  custom:audio-encoder-webm-vorbis: bf7c407c2cedff20999df2af8eb42d56 -> 
========================================================================
Received Import Request.
  Time since last request: 1223.133145 seconds.
  path: Assets/Winter Zone Mini 1.0/MeshTerrains/MeshTerrain_2/meshTerrain_2_4k_prefab.prefab
  artifactKey: Guid(5d88ef41d6f182441b140463515582d9) Importer(815301076,1909f56bfc062723c751e8b465ee728b)
Start importing Assets/Winter Zone Mini 1.0/MeshTerrains/MeshTerrain_2/meshTerrain_2_4k_prefab.prefab using Guid(5d88ef41d6f182441b140463515582d9) Importer(815301076,1909f56bfc062723c751e8b465ee728b)  -> (artifact id: 'b67d5d57b8a10bb79c3d4a36542ade90') in 0.256153 seconds
Number of updated asset objects reloaded before import = 0
Number of asset objects unloaded after import = 10
========================================================================
Received Import Request.
  Time since last request: 0.000027 seconds.
  path: Assets/Winter Zone Mini 1.0/MeshTerrains/MeshTerrain_2/meshTerrain_2_16k.fbx
  artifactKey: Guid(82a50449757db7b479e46dfeb3c60dff) Importer(815301076,1909f56bfc062723c751e8b465ee728b)
Start importing Assets/Winter Zone Mini 1.0/MeshTerrains/MeshTerrain_2/meshTerrain_2_16k.fbx using Guid(82a50449757db7b479e46dfeb3c60dff) Importer(815301076,1909f56bfc062723c751e8b465ee728b)  -> (artifact id: '80a78b8c462ca2e7a6d501efab4ea6d5') in 0.053630 seconds
Number of updated asset objects reloaded before import = 0
Number of asset objects unloaded after import = 10
========================================================================
Received Import Request.
  Time since last request: 0.000035 seconds.
  path: Assets/Winter Zone Mini 1.0/MeshTerrains/MeshTerrain_2/meshTerrain_2_16k_prefab.prefab
  artifactKey: Guid(59b1a2c17919f7044bca621128f3775c) Importer(815301076,1909f56bfc062723c751e8b465ee728b)
Start importing Assets/Winter Zone Mini 1.0/MeshTerrains/MeshTerrain_2/meshTerrain_2_16k_prefab.prefab using Guid(59b1a2c17919f7044bca621128f3775c) Importer(815301076,1909f56bfc062723c751e8b465ee728b)  -> (artifact id: '469b35e6bdf01824c6389d7aa3ee80aa') in 0.026742 seconds
Number of updated asset objects reloaded before import = 0
Number of asset objects unloaded after import = 10
========================================================================
Received Import Request.
  Time since last request: 1.274123 seconds.
  path: Assets/Winter Zone Mini 1.0/MeshTerrains/MeshTerrain_2/Textures/normalmap_2048x2048.png
  artifactKey: Guid(36030b14b846ecb42a3ad12b88c724f7) Importer(815301076,1909f56bfc062723c751e8b465ee728b)
Start importing Assets/Winter Zone Mini 1.0/MeshTerrains/MeshTerrain_2/Textures/normalmap_2048x2048.png using Guid(36030b14b846ecb42a3ad12b88c724f7) Importer(815301076,1909f56bfc062723c751e8b465ee728b)  -> (artifact id: '4d01519bfd17df963fe85195f30eec9f') in 0.059077 seconds
Number of updated asset objects reloaded before import = 0
Number of asset objects unloaded after import = 2
========================================================================
Received Import Request.
  Time since last request: 8.099709 seconds.
  path: Assets/Winter Zone Mini 1.0/Audio/Blizzard_medium.wav
  artifactKey: Guid(02bfcc2d69fc71a49ae920c9c0f5f3c7) Importer(815301076,1909f56bfc062723c751e8b465ee728b)
Start importing Assets/Winter Zone Mini 1.0/Audio/Blizzard_medium.wav using Guid(02bfcc2d69fc71a49ae920c9c0f5f3c7) Importer(815301076,1909f56bfc062723c751e8b465ee728b)  -> (artifact id: '6e642c68490bde8d0de8ca71beaf652a') in 0.299532 seconds
Number of updated asset objects reloaded before import = 0
Number of asset objects unloaded after import = 2
========================================================================
Received Import Request.
  Time since last request: 0.000031 seconds.
  path: Assets/Winter Zone Mini 1.0/Audio/footstepsSnow_04.mp3
  artifactKey: Guid(d4841e699c05b4a4c8573ee8428daecf) Importer(815301076,1909f56bfc062723c751e8b465ee728b)
Start importing Assets/Winter Zone Mini 1.0/Audio/footstepsSnow_04.mp3 using Guid(d4841e699c05b4a4c8573ee8428daecf) Importer(815301076,1909f56bfc062723c751e8b465ee728b)  -> (artifact id: '8cac43cb074373654f9c03adfbb3b675') in 0.020245 seconds
Number of updated asset objects reloaded before import = 0
Number of asset objects unloaded after import = 2
========================================================================
Received Import Request.
  Time since last request: 0.000046 seconds.
  path: Assets/Winter Zone Mini 1.0/Audio/footstepsSnow_01.mp3
  artifactKey: Guid(9c41ac41117eaa148a76bccb57ea30f5) Importer(815301076,1909f56bfc062723c751e8b465ee728b)
Start importing Assets/Winter Zone Mini 1.0/Audio/footstepsSnow_01.mp3 using Guid(9c41ac41117eaa148a76bccb57ea30f5) Importer(815301076,1909f56bfc062723c751e8b465ee728b)  -> (artifact id: 'd9339ca79108816df56d6c143eabcecd') in 0.021799 seconds
Number of updated asset objects reloaded before import = 0
Number of asset objects unloaded after import = 2
========================================================================
Received Import Request.
  Time since last request: 0.000032 seconds.
  path: Assets/Winter Zone Mini 1.0/Audio/footstepsSnow_02.mp3
  artifactKey: Guid(e0c8cd84682debf4283b23f915cfbd38) Importer(815301076,1909f56bfc062723c751e8b465ee728b)
Start importing Assets/Winter Zone Mini 1.0/Audio/footstepsSnow_02.mp3 using Guid(e0c8cd84682debf4283b23f915cfbd38) Importer(815301076,1909f56bfc062723c751e8b465ee728b)  -> (artifact id: '1088c065812df939daefc7d45480433a') in 0.021593 seconds
Number of updated asset objects reloaded before import = 0
Number of asset objects unloaded after import = 2
========================================================================
Received Import Request.
  Time since last request: 0.000019 seconds.
  path: Assets/Winter Zone Mini 1.0/Audio/footstepsSnow_03.mp3
  artifactKey: Guid(b012d22e5c7b2784389faf2121274ec9) Importer(815301076,1909f56bfc062723c751e8b465ee728b)
Start importing Assets/Winter Zone Mini 1.0/Audio/footstepsSnow_03.mp3 using Guid(b012d22e5c7b2784389faf2121274ec9) Importer(815301076,1909f56bfc062723c751e8b465ee728b)  -> (artifact id: '4c3cbbeec4c4e7918612f5770bb5bce3') in 0.021980 seconds
Number of updated asset objects reloaded before import = 0
Number of asset objects unloaded after import = 2
========================================================================
Received Import Request.
  Time since last request: 0.000019 seconds.
  path: Assets/Winter Zone Mini 1.0/Audio/footstepsSnow_05.mp3
  artifactKey: Guid(e2cb069505d1dd945890496794596355) Importer(815301076,1909f56bfc062723c751e8b465ee728b)
Start importing Assets/Winter Zone Mini 1.0/Audio/footstepsSnow_05.mp3 using Guid(e2cb069505d1dd945890496794596355) Importer(815301076,1909f56bfc062723c751e8b465ee728b)  -> (artifact id: '3a52a4c7cfe818a2bea4b1f6901555f9') in 0.020895 seconds
Number of updated asset objects reloaded before import = 0
Number of asset objects unloaded after import = 2
========================================================================
Received Import Request.
  Time since last request: 0.000023 seconds.
  path: Assets/Winter Zone Mini 1.0/Audio/jump_snow.wav
  artifactKey: Guid(c57d4d675b24db2449a349e796de6397) Importer(815301076,1909f56bfc062723c751e8b465ee728b)
Start importing Assets/Winter Zone Mini 1.0/Audio/jump_snow.wav using Guid(c57d4d675b24db2449a349e796de6397) Importer(815301076,1909f56bfc062723c751e8b465ee728b)  -> (artifact id: '5dd4abeb7326bd1f6e7af63c98ccc043') in 0.020631 seconds
Number of updated asset objects reloaded before import = 0
Number of asset objects unloaded after import = 2
========================================================================
Received Import Request.
  Time since last request: 0.000031 seconds.
  path: Assets/Winter Zone Mini 1.0/Audio/Blizzard_short.wav
  artifactKey: Guid(ec8eb4f2a9df6ec4b8c4575789274b0f) Importer(815301076,1909f56bfc062723c751e8b465ee728b)
Start importing Assets/Winter Zone Mini 1.0/Audio/Blizzard_short.wav using Guid(ec8eb4f2a9df6ec4b8c4575789274b0f) Importer(815301076,1909f56bfc062723c751e8b465ee728b)  -> (artifact id: 'd8c8848a0b06cef203533f536da99fae') in 0.126543 seconds
Number of updated asset objects reloaded before import = 0
Number of asset objects unloaded after import = 2
========================================================================
Received Import Request.
  Time since last request: 0.000042 seconds.
  path: Assets/Winter Zone Mini 1.0/Audio/land_snow.wav
  artifactKey: Guid(333b3f48a228328459fcb29d8291cce0) Importer(815301076,1909f56bfc062723c751e8b465ee728b)
Start importing Assets/Winter Zone Mini 1.0/Audio/land_snow.wav using Guid(333b3f48a228328459fcb29d8291cce0) Importer(815301076,1909f56bfc062723c751e8b465ee728b)  -> (artifact id: '04e4c2b7f8cf92a9a959ace0bb80dadb') in 0.023317 seconds
Number of updated asset objects reloaded before import = 0
Number of asset objects unloaded after import = 2
========================================================================
Received Import Request.
  Time since last request: 2.818416 seconds.
  path: Assets/Winter Zone Mini 1.0/Textures/Cliff_1_normal.png
  artifactKey: Guid(6726ce9c72c91e2439096d6f87c92be0) Importer(815301076,1909f56bfc062723c751e8b465ee728b)
Start importing Assets/Winter Zone Mini 1.0/Textures/Cliff_1_normal.png using Guid(6726ce9c72c91e2439096d6f87c92be0) Importer(815301076,1909f56bfc062723c751e8b465ee728b)  -> (artifact id: 'b1777c4cbce7d1e48b16565810048271') in 0.019865 seconds
Number of updated asset objects reloaded before import = 0
Number of asset objects unloaded after import = 2
========================================================================
Received Import Request.
  Time since last request: 0.000020 seconds.
  path: Assets/Winter Zone Mini 1.0/Textures/Rock_3.png
  artifactKey: Guid(d9d8d6bd37922c643b56e4bbc739a994) Importer(815301076,1909f56bfc062723c751e8b465ee728b)
Start importing Assets/Winter Zone Mini 1.0/Textures/Rock_3.png using Guid(d9d8d6bd37922c643b56e4bbc739a994) Importer(815301076,1909f56bfc062723c751e8b465ee728b)  -> (artifact id: '81bba631f53dfbc8ebf141b573fbfcc1') in 0.019294 seconds
Number of updated asset objects reloaded before import = 0
Number of asset objects unloaded after import = 2
========================================================================
Received Import Request.
  Time since last request: 0.000020 seconds.
  path: Assets/Winter Zone Mini 1.0/Textures/Snow_2.png
  artifactKey: Guid(b9c58fb46a9c87a479b4b03dd721bad8) Importer(815301076,1909f56bfc062723c751e8b465ee728b)
Start importing Assets/Winter Zone Mini 1.0/Textures/Snow_2.png using Guid(b9c58fb46a9c87a479b4b03dd721bad8) Importer(815301076,1909f56bfc062723c751e8b465ee728b)  -> (artifact id: '204d689dba3d5ad968af7fc7f6d67bf5') in 0.023522 seconds
Number of updated asset objects reloaded before import = 0
Number of asset objects unloaded after import = 2
========================================================================
Received Import Request.
  Time since last request: 0.000022 seconds.
  path: Assets/Winter Zone Mini 1.0/Textures/Rock_2.png
  artifactKey: Guid(65d5c70d8c166384085bec5e3f3a698e) Importer(815301076,1909f56bfc062723c751e8b465ee728b)
Start importing Assets/Winter Zone Mini 1.0/Textures/Rock_2.png using Guid(65d5c70d8c166384085bec5e3f3a698e) Importer(815301076,1909f56bfc062723c751e8b465ee728b)  -> (artifact id: '24efcac616c4819ac601acd2d7a4c8ea') in 0.023084 seconds
Number of updated asset objects reloaded before import = 0
Number of asset objects unloaded after import = 2
========================================================================
Received Import Request.
  Time since last request: 0.000046 seconds.
  path: Assets/Winter Zone Mini 1.0/Textures/Snow_1.png
  artifactKey: Guid(4e87cfc3cdb6ee84aaa39b63abae7e67) Importer(815301076,1909f56bfc062723c751e8b465ee728b)
Start importing Assets/Winter Zone Mini 1.0/Textures/Snow_1.png using Guid(4e87cfc3cdb6ee84aaa39b63abae7e67) Importer(815301076,1909f56bfc062723c751e8b465ee728b)  -> (artifact id: '71c3707889db88e307b72dc4546b8d83') in 0.024136 seconds
Number of updated asset objects reloaded before import = 0
Number of asset objects unloaded after import = 2
========================================================================
Received Import Request.
  Time since last request: 0.000028 seconds.
  path: Assets/Winter Zone Mini 1.0/Textures/Snow_2_normal.png
  artifactKey: Guid(888c932c195654b48b748da8196bbe04) Importer(815301076,1909f56bfc062723c751e8b465ee728b)
Start importing Assets/Winter Zone Mini 1.0/Textures/Snow_2_normal.png using Guid(888c932c195654b48b748da8196bbe04) Importer(815301076,1909f56bfc062723c751e8b465ee728b)  -> (artifact id: '8ee9fc939c5396342f889fe30634b5d9') in 0.027179 seconds
Number of updated asset objects reloaded before import = 0
Number of asset objects unloaded after import = 2
========================================================================
Received Import Request.
  Time since last request: 0.000040 seconds.
  path: Assets/Winter Zone Mini 1.0/Textures/Rock_3_normal.png
  artifactKey: Guid(1a814512c7402a847b86c86c0281b57e) Importer(815301076,1909f56bfc062723c751e8b465ee728b)
Start importing Assets/Winter Zone Mini 1.0/Textures/Rock_3_normal.png using Guid(1a814512c7402a847b86c86c0281b57e) Importer(815301076,1909f56bfc062723c751e8b465ee728b)  -> (artifact id: 'b69cf54f59b1afb753089452137b205c') in 0.020093 seconds
Number of updated asset objects reloaded before import = 0
Number of asset objects unloaded after import = 2
========================================================================
Received Import Request.
  Time since last request: 18.246850 seconds.
  path: Assets/Winter Zone Mini 1.0/demo scenes/unityTerrain_2_sunny_demo/Lightmap-0_comp_dir.png
  artifactKey: Guid(e5d5b818c16420740bc640049794ca15) Importer(815301076,1909f56bfc062723c751e8b465ee728b)
Start importing Assets/Winter Zone Mini 1.0/demo scenes/unityTerrain_2_sunny_demo/Lightmap-0_comp_dir.png using Guid(e5d5b818c16420740bc640049794ca15) Importer(815301076,1909f56bfc062723c751e8b465ee728b)  -> (artifact id: 'a353268f1915f0e95926f015cfbe6660') in 0.033712 seconds
Number of updated asset objects reloaded before import = 0
Number of asset objects unloaded after import = 2
========================================================================
Received Import Request.
  Time since last request: 0.000019 seconds.
  path: Assets/Winter Zone Mini 1.0/demo scenes/unityTerrain_2_sunny_demo/ReflectionProbe-0.exr
  artifactKey: Guid(b82402f8defb1c443b8b33c76f22c6b1) Importer(815301076,1909f56bfc062723c751e8b465ee728b)
Start importing Assets/Winter Zone Mini 1.0/demo scenes/unityTerrain_2_sunny_demo/ReflectionProbe-0.exr using Guid(b82402f8defb1c443b8b33c76f22c6b1) Importer(815301076,1909f56bfc062723c751e8b465ee728b)  -> (artifact id: 'bbf824ca3180b87355b3be5e5c5ab562') in 0.031960 seconds
Number of updated asset objects reloaded before import = 0
Number of asset objects unloaded after import = 1
Editor requested this worker to shutdown with reason: Scaling down because of idle timeout
TcpMessagingSession - receive error: operation aborted. errorcode: 995, details: Bir i parac k veya bir uygulama istei nedeniyle G/ ilemi iptal edildi.
AssetImportWorker is now disconnected from the server
Process exiting
Exiting without the bug reporter. Application will terminate with return code 0